2025-04-30T09:57:29.525+05:30  INFO 27376 --- [ProductCrudOperationUsingSpringJpa] [main] OperationsUsingSpringJpaApplicationTests : Starting ProductCrudOperationsUsingSpringJpaApplicationTests using Java 21.0.6 with PID 27376 (started by 2400951 in C:\Users\2400951\git\repository\ProductCrudOperationUsingSpringDataJpaRest)
2025-04-30T09:57:29.562+05:30  INFO 27376 --- [ProductCrudOperationUsingSpringJpa] [main] OperationsUsingSpringJpaApplicationTests : No active profile set, falling back to 1 default profile: "default"
2025-04-30T09:57:33.014+05:30  INFO 27376 --- [ProductCrudOperationUsingSpringJpa] [main] .s.d.r.c.RepositoryConfigurationDelegate : Bootstrapping Spring Data JPA repositories in DEFAULT mode.
2025-04-30T09:57:33.180+05:30  INFO 27376 --- [ProductCrudOperationUsingSpringJpa] [main] .s.d.r.c.RepositoryConfigurationDelegate : Finished Spring Data repository scanning in 132 ms. Found 1 JPA repository interface.
2025-04-30T09:57:35.753+05:30  INFO 27376 --- [ProductCrudOperationUsingSpringJpa] [main] o.hibernate.jpa.internal.util.LogHelper  : HHH000204: Processing PersistenceUnitInfo [name: default]
2025-04-30T09:57:36.028+05:30  INFO 27376 --- [ProductCrudOperationUsingSpringJpa] [main] org.hibernate.Version                    : HHH000412: Hibernate ORM core version 6.6.11.Final
2025-04-30T09:57:36.163+05:30  INFO 27376 --- [ProductCrudOperationUsingSpringJpa] [main] o.h.c.internal.RegionFactoryInitiator    : HHH000026: Second-level cache disabled
2025-04-30T09:57:37.266+05:30  INFO 27376 --- [ProductCrudOperationUsingSpringJpa] [main] o.s.o.j.p.SpringPersistenceUnitInfo      : No LoadTimeWeaver setup: ignoring JPA class transformer
2025-04-30T09:57:37.327+05:30  INFO 27376 --- [ProductCrudOperationUsingSpringJpa] [main] com.zaxxer.hikari.HikariDataSource       : HikariPool-1 - Starting...
2025-04-30T09:57:38.115+05:30  INFO 27376 --- [ProductCrudOperationUsingSpringJpa] [main] com.zaxxer.hikari.pool.HikariPool        : HikariPool-1 - Added connection com.mysql.cj.jdbc.ConnectionImpl@390a07a0
2025-04-30T09:57:38.124+05:30  INFO 27376 --- [ProductCrudOperationUsingSpringJpa] [main] com.zaxxer.hikari.HikariDataSource       : HikariPool-1 - Start completed.
2025-04-30T09:57:38.326+05:30  WARN 27376 --- [ProductCrudOperationUsingSpringJpa] [main] org.hibernate.orm.deprecation            : HHH90000025: MySQLDialect does not need to be specified explicitly using 'hibernate.dialect' (remove the property setting and it will be selected by default)
2025-04-30T09:57:38.401+05:30  INFO 27376 --- [ProductCrudOperationUsingSpringJpa] [main] org.hibernate.orm.connections.pooling    : HHH10001005: Database info:
	Database JDBC URL [Connecting through datasource 'HikariDataSource (HikariPool-1)']
	Database driver: undefined/unknown
	Database version: 8.0.41
	Autocommit mode: undefined/unknown
	Isolation level: undefined/unknown
	Minimum pool size: undefined/unknown
	Maximum pool size: undefined/unknown
2025-04-30T09:57:40.652+05:30  INFO 27376 --- [ProductCrudOperationUsingSpringJpa] [main] o.h.e.t.j.p.i.JtaPlatformInitiator       : HHH000489: No JTA platform available (set 'hibernate.transaction.jta.platform' to enable JTA platform integration)
2025-04-30T09:57:40.765+05:30  INFO 27376 --- [ProductCrudOperationUsingSpringJpa] [main] j.LocalContainerEntityManagerFactoryBean : Initialized JPA EntityManagerFactory for persistence unit 'default'
2025-04-30T09:57:42.517+05:30  WARN 27376 --- [ProductCrudOperationUsingSpringJpa] [main] JpaBaseConfiguration$JpaWebConfiguration : spring.jpa.open-in-view is enabled by default. Therefore, database queries may be performed during view rendering. Explicitly configure spring.jpa.open-in-view to disable this warning
2025-04-30T09:57:45.001+05:30  INFO 27376 --- [ProductCrudOperationUsingSpringJpa] [main] r$InitializeUserDetailsManagerConfigurer : Global AuthenticationManager configured with UserDetailsService bean with name inMemoryUserDetailsManager
2025-04-30T09:57:45.294+05:30  INFO 27376 --- [ProductCrudOperationUsingSpringJpa] [main] o.s.b.a.e.web.EndpointLinksResolver      : Exposing 15 endpoints beneath base path '/actuator'
2025-04-30T09:57:45.662+05:30  INFO 27376 --- [ProductCrudOperationUsingSpringJpa] [main] OperationsUsingSpringJpaApplicationTests : Started ProductCrudOperationsUsingSpringJpaApplicationTests in 17.293 seconds (process running for 22.311)
2025-04-30T09:57:49.221+05:30  INFO 27376 --- [ProductCrudOperationUsingSpringJpa] [main] com.cts.service.ProductServiceImpl       : In ProductServiceImpl saveProduct method ....
2025-04-30T09:57:49.330+05:30  WARN 27376 --- [ProductCrudOperationUsingSpringJpa] [main] com.cts.service.ProductServiceImpl       : In ProductServiceImpl updateProduct method ....
2025-04-30T09:57:49.391+05:30  INFO 27376 --- [ProductCrudOperationUsingSpringJpa] [SpringApplicationShutdownHook] j.LocalContainerEntityManagerFactoryBean : Closing JPA EntityManagerFactory for persistence unit 'default'
2025-04-30T09:57:49.399+05:30  INFO 27376 --- [ProductCrudOperationUsingSpringJpa] [SpringApplicationShutdownHook] com.zaxxer.hikari.HikariDataSource       : HikariPool-1 - Shutdown initiated...
2025-04-30T09:57:49.446+05:30  INFO 27376 --- [ProductCrudOperationUsingSpringJpa] [SpringApplicationShutdownHook] com.zaxxer.hikari.HikariDataSource       : HikariPool-1 - Shutdown completed.
